#
# A fatal error has been detected by the Java Runtime Environment:
#
#  Internal Error (javaClasses.cpp:136), pid=11145, tid=139990773970688
#  fatal error: Invalid layout of preloaded class
#
# JRE version:  (7.0_55-b14) (build )
# Java VM: OpenJDK 64-Bit Server VM (24.51-b03 mixed mode linux-amd64 compressed oops)
# Failed to write core dump. Core dumps have been disabled. To enable core dumping, try "ulimit -c unlimited" before starting Java again
#
# If you would like to submit a bug report, please include
# instructions on how to reproduce the bug and visit:
#   http://icedtea.classpath.org/bugzilla
#

---------------  T H R E A D  ---------------

Current thread (0x00007f521c00a000):  JavaThread "Unknown thread" [_thread_in_vm, id=11150, stack(0x00007f52244ab000,0x00007f52245ac000)]

Stack: [0x00007f52244ab000,0x00007f52245ac000],  sp=0x00007f52245aa8a0,  free space=1022k
Native frames: (J=compiled Java code, j=interpreted, Vv=VM code, C=native code)
V  [libjvm.so+0x9163c5]  VMError::report_and_die()+0x175
V  [libjvm.so+0x466774]  report_fatal(char const*, int, char const*)+0x54
V  [libjvm.so+0x5bf65a]  compute_offset(int&, klassOopDesc*, Symbol*, Symbol*, bool) [clone .constprop.121]+0x10a
V  [libjvm.so+0x5bfc66]  java_lang_String::compute_offsets()+0x36
V  [libjvm.so+0x89cf2c]  SystemDictionary::initialize_preloaded_classes(Thread*)+0xcc
V  [libjvm.so+0x8e7eb8]  Universe::genesis(Thread*)+0x468
V  [libjvm.so+0x8e84c4]  universe2_init()+0x24
V  [libjvm.so+0x57433a]  init_globals()+0x9a
V  [libjvm.so+0x8cb78f]  Threads::create_vm(JavaVMInitArgs*, bool*)+0x35f
V  [libjvm.so+0x5ddbb4]  JNI_CreateJavaVM+0x54
C  [libjli.so+0x2b18]  __strcat_chk+0x2b18


---------------  P R O C E S S  ---------------

Java Threads: ( => current thread )

Other Threads:

=>0x00007f521c00a000 (exited) JavaThread "Unknown thread" [_thread_in_vm, id=11150, stack(0x00007f52244ab000,0x00007f52245ac000)]

VM state:not at safepoint (not fully initialized)

VM Mutex/Monitor currently owned by a thread: None

GC Heap History (0 events):
No events

Deoptimization events (0 events):
No events

Internal exceptions (0 events):
No events

Events (10 events):
Event: 0.011 loading class 0x00007f5218fa56f0 done
Event: 0.011 loading class 0x00007f5218fa5110 done
Event: 0.011 loading class 0x00007f5218fa50f0
Event: 0.011 loading class 0x00007f5218fad130
Event: 0.012 loading class 0x00007f5218fad130 done
Event: 0.012 loading class 0x00007f5218fad160
Event: 0.012 loading class 0x00007f5218fad160 done
Event: 0.012 loading class 0x00007f5218fad190
Event: 0.012 loading class 0x00007f5218fad190 done
Event: 0.012 loading class 0x00007f5218fa50f0 done


Dynamic libraries:
00400000-00401000 r-xp 00000000 08:06 11940665                           /usr/lib/jvm/java-7-openjdk-amd64/jre/bin/java
00600000-00601000 r--p 00000000 08:06 11940665                           /usr/lib/jvm/java-7-openjdk-amd64/jre/bin/java
00601000-00602000 rw-p 00001000 08:06 11940665                           /usr/lib/jvm/java-7-openjdk-amd64/jre/bin/java
021d0000-021f1000 rw-p 00000000 00:00 0                                  [heap]
99600000-9ab00000 rw-p 00000000 00:00 0 
9ab00000-a3c00000 rw-p 00000000 00:00 0 
a3c00000-a7980000 rw-p 00000000 00:00 0 
a7980000-e1400000 rw-p 00000000 00:00 0 
e1400000-e3300000 rw-p 00000000 00:00 0 
e3300000-100000000 rw-p 00000000 00:00 0 
7f51f0000000-7f51f0021000 rw-p 00000000 00:00 0 
7f51f0021000-7f51f4000000 ---p 00000000 00:00 0 
7f51f8000000-7f51f8021000 rw-p 00000000 00:00 0 
7f51f8021000-7f51fc000000 ---p 00000000 00:00 0 
7f51fccb0000-7f5200000000 rw-p 00000000 00:00 0 
7f5200000000-7f5200021000 rw-p 00000000 00:00 0 
7f5200021000-7f5204000000 ---p 00000000 00:00 0 
7f5204000000-7f5204021000 rw-p 00000000 00:00 0 
7f5204021000-7f5208000000 ---p 00000000 00:00 0 
7f5208000000-7f5208021000 rw-p 00000000 00:00 0 
7f5208021000-7f520c000000 ---p 00000000 00:00 0 
7f520c000000-7f520c021000 rw-p 00000000 00:00 0 
7f520c021000-7f5210000000 ---p 00000000 00:00 0 
7f5210000000-7f5210021000 rw-p 00000000 00:00 0 
7f5210021000-7f5214000000 ---p 00000000 00:00 0 
7f5214000000-7f5214021000 rw-p 00000000 00:00 0 
7f5214021000-7f5218000000 ---p 00000000 00:00 0 
7f5218c22000-7f5218e58000 rw-p 00000000 00:00 0 
7f5218e58000-7f5218f2f000 r--s 013f2000 08:06 15346414                   /home/cheggynho/NVPACK/android-sdk-linux/platforms/android-19/android.jar
7f5218f2f000-7f5219000000 rw-p 00000000 00:00 0 
7f5219000000-7f5219270000 rwxp 00000000 00:00 0 
7f5219270000-7f521c05d000 rw-p 00000000 00:00 0 
7f521c05d000-7f5220000000 ---p 00000000 00:00 0 
7f522000e000-7f52203b3000 rw-p 00000000 00:00 0 
7f52203b3000-7f52203b4000 ---p 00000000 00:00 0 
7f52203b4000-7f52204b4000 rw-p 00000000 00:00 0                          [stack:11158]
7f52204b4000-7f52204b5000 ---p 00000000 00:00 0 
7f52204b5000-7f52205b5000 rw-p 00000000 00:00 0                          [stack:11157]
7f52205b5000-7f52205b6000 ---p 00000000 00:00 0 
7f52205b6000-7f52206b6000 rw-p 00000000 00:00 0                          [stack:11156]
7f52206b6000-7f52206b7000 ---p 00000000 00:00 0 
7f52206b7000-7f52207b7000 rw-p 00000000 00:00 0                          [stack:11155]
7f52207b7000-7f52207b8000 ---p 00000000 00:00 0 
7f52207b8000-7f52208b8000 rw-p 00000000 00:00 0                          [stack:11154]
7f52208b8000-7f52208b9000 ---p 00000000 00:00 0 
7f52208b9000-7f52209b9000 rw-p 00000000 00:00 0                          [stack:11153]
7f52209b9000-7f52209ba000 ---p 00000000 00:00 0 
7f52209ba000-7f5220aba000 rw-p 00000000 00:00 0                          [stack:11152]
7f5220aba000-7f5220abb000 ---p 00000000 00:00 0 
7f5220abb000-7f5220bc6000 rw-p 00000000 00:00 0                          [stack:11151]
7f5220bc6000-7f5220c0e000 rw-p 00000000 00:00 0 
7f5220c0e000-7f5220c2d000 rw-p 00000000 00:00 0 
7f5220c2d000-7f5220dfa000 rw-p 00000000 00:00 0 
7f5220dfa000-7f5220e05000 rw-p 00000000 00:00 0 
7f5220e05000-7f5220e4d000 rw-p 00000000 00:00 0 
7f5220e4d000-7f5220e6c000 rw-p 00000000 00:00 0 
7f5220e6c000-7f5221039000 rw-p 00000000 00:00 0 
7f5221039000-7f5221049000 rw-p 00000000 00:00 0 
7f5221049000-7f522112f000 rw-p 00000000 00:00 0 
7f522112f000-7f5221130000 rw-p 00000000 00:00 0 
7f5221130000-7f5221138000 r-xp 00000000 08:06 11938108                   /usr/lib/jvm/java-7-openjdk-amd64/jre/lib/amd64/libzip.so
7f5221138000-7f5221337000 ---p 00008000 08:06 11938108                   /usr/lib/jvm/java-7-openjdk-amd64/jre/lib/amd64/libzip.so
7f5221337000-7f5221338000 r--p 00007000 08:06 11938108                   /usr/lib/jvm/java-7-openjdk-amd64/jre/lib/amd64/libzip.so
7f5221338000-7f5221339000 rw-p 00008000 08:06 11938108                   /usr/lib/jvm/java-7-openjdk-amd64/jre/lib/amd64/libzip.so
7f5221339000-7f5221345000 r-xp 00000000 08:06 6297894                    /lib/x86_64-linux-gnu/libnss_files-2.17.so
7f5221345000-7f5221544000 ---p 0000c000 08:06 6297894                    /lib/x86_64-linux-gnu/libnss_files-2.17.so
7f5221544000-7f5221545000 r--p 0000b000 08:06 6297894                    /lib/x86_64-linux-gnu/libnss_files-2.17.so
7f5221545000-7f5221546000 rw-p 0000c000 08:06 6297894                    /lib/x86_64-linux-gnu/libnss_files-2.17.so
7f5221546000-7f5221551000 r-xp 00000000 08:06 6297899                    /lib/x86_64-linux-gnu/libnss_nis-2.17.so
7f5221551000-7f5221750000 ---p 0000b000 08:06 6297899                    /lib/x86_64-linux-gnu/libnss_nis-2.17.so
7f5221750000-7f5221751000 r--p 0000a000 08:06 6297899                    /lib/x86_64-linux-gnu/libnss_nis-2.17.so
7f5221751000-7f5221752000 rw-p 0000b000 08:06 6297899                    /lib/x86_64-linux-gnu/libnss_nis-2.17.so
7f5221752000-7f5221769000 r-xp 00000000 08:06 6297888                    /lib/x86_64-linux-gnu/libnsl-2.17.so
7f5221769000-7f5221968000 ---p 00017000 08:06 6297888                    /lib/x86_64-linux-gnu/libnsl-2.17.so
7f5221968000-7f5221969000 r--p 00016000 08:06 6297888                    /lib/x86_64-linux-gnu/libnsl-2.17.so
7f5221969000-7f522196a000 rw-p 00017000 08:06 6297888                    /lib/x86_64-linux-gnu/libnsl-2.17.so
7f522196a000-7f522196c000 rw-p 00000000 00:00 0 
7f522196c000-7f5221974000 r-xp 00000000 08:06 6297890                    /lib/x86_64-linux-gnu/libnss_compat-2.17.so
7f5221974000-7f5221b73000 ---p 00008000 08:06 6297890                    /lib/x86_64-linux-gnu/libnss_compat-2.17.so
7f5221b73000-7f5221b74000 r--p 00007000 08:06 6297890                    /lib/x86_64-linux-gnu/libnss_compat-2.17.so
7f5221b74000-7f5221b75000 rw-p 00008000 08:06 6297890                    /lib/x86_64-linux-gnu/libnss_compat-2.17.so
7f5221b75000-7f5221ba0000 r-xp 00000000 08:06 11938105                   /usr/lib/jvm/java-7-openjdk-amd64/jre/lib/amd64/libjava.so
7f5221ba0000-7f5221d9f000 ---p 0002b000 08:06 11938105                   /usr/lib/jvm/java-7-openjdk-amd64/jre/lib/amd64/libjava.so
7f5221d9f000-7f5221da0000 r--p 0002a000 08:06 11938105                   /usr/lib/jvm/java-7-openjdk-amd64/jre/lib/amd64/libjava.so
7f5221da0000-7f5221da2000 rw-p 0002b000 08:06 11938105                   /usr/lib/jvm/java-7-openjdk-amd64/jre/lib/amd64/libjava.so
7f5221da2000-7f5221db2000 r-xp 00000000 08:06 11938119                   /usr/lib/jvm/java-7-openjdk-amd64/jre/lib/amd64/libverify.so
7f5221db2000-7f5221fb1000 ---p 00010000 08:06 11938119                   /usr/lib/jvm/java-7-openjdk-amd64/jre/lib/amd64/libverify.so
7f5221fb1000-7f5221fb3000 r--p 0000f000 08:06 11938119                   /usr/lib/jvm/java-7-openjdk-amd64/jre/lib/amd64/libverify.so
7f5221fb3000-7f5221fb4000 rw-p 00011000 08:06 11938119                   /usr/lib/jvm/java-7-openjdk-amd64/jre/lib/amd64/libverify.so
7f5221fb4000-7f5221fbb000 r-xp 00000000 08:06 6297942                    /lib/x86_64-linux-gnu/librt-2.17.so
7f5221fbb000-7f52221ba000 ---p 00007000 08:06 6297942                    /lib/x86_64-linux-gnu/librt-2.17.so
7f52221ba000-7f52221bb000 r--p 00006000 08:06 6297942                    /lib/x86_64-linux-gnu/librt-2.17.so
7f52221bb000-7f52221bc000 rw-p 00007000 08:06 6297942                    /lib/x86_64-linux-gnu/librt-2.17.so
7f52221bc000-7f52221d1000 r-xp 00000000 08:06 6297594                    /lib/x86_64-linux-gnu/libgcc_s.so.1
7f52221d1000-7f52223d0000 ---p 00015000 08:06 6297594                    /lib/x86_64-linux-gnu/libgcc_s.so.1
7f52223d0000-7f52223d1000 r--p 00014000 08:06 6297594                    /lib/x86_64-linux-gnu/libgcc_s.so.1
7f52223d1000-7f52223d2000 rw-p 00015000 08:06 6297594                    /lib/x86_64-linux-gnu/libgcc_s.so.1
7f52223d2000-7f52224d5000 r-xp 00000000 08:06 6297869                    /lib/x86_64-linux-gnu/libm-2.17.so
7f52224d5000-7f52226d4000 ---p 00103000 08:06 6297869                    /lib/x86_64-linux-gnu/libm-2.17.so
7f52226d4000-7f52226d5000 r--p 00102000 08:06 6297869                    /lib/x86_64-linux-gnu/libm-2.17.so
7f52226d5000-7f52226d6000 rw-p 00103000 08:06 6297869                    /lib/x86_64-linux-gnu/libm-2.17.so
7f52226d6000-7f52227bc000 r-xp 00000000 08:06 11536648                   /usr/lib/x86_64-linux-gnu/libstdc++.so.6.0.18
7f52227bc000-7f52229bb000 ---p 000e6000 08:06 11536648                   /usr/lib/x86_64-linux-gnu/libstdc++.so.6.0.18
7f52229bb000-7f52229c3000 r--p 000e5000 08:06 11536648                   /usr/lib/x86_64-linux-gnu/libstdc++.so.6.0.18
7f52229c3000-7f52229c5000 rw-p 000ed000 08:06 11536648                   /usr/lib/x86_64-linux-gnu/libstdc++.so.6.0.18
7f52229c5000-7f52229da000 rw-p 00000000 00:00 0 
7f52229da000-7f52234b9000 r-xp 00000000 08:06 11940616                   /usr/lib/jvm/java-7-openjdk-amd64/jre/lib/amd64/server/libjvm.so
7f52234b9000-7f52236b9000 ---p 00adf000 08:06 11940616                   /usr/lib/jvm/java-7-openjdk-amd64/jre/lib/amd64/server/libjvm.so
7f52236b9000-7f522374b000 r--p 00adf000 08:06 11940616                   /usr/lib/jvm/java-7-openjdk-amd64/jre/lib/amd64/server/libjvm.so
7f522374b000-7f522376e000 rw-p 00b71000 08:06 11940616                   /usr/lib/jvm/java-7-openjdk-amd64/jre/lib/amd64/server/libjvm.so
7f522376e000-7f522379b000 rw-p 00000000 00:00 0 
7f522379b000-7f52237b3000 r-xp 00000000 08:06 6297976                    /lib/x86_64-linux-gnu/libz.so.1.2.8
7f52237b3000-7f52239b2000 ---p 00018000 08:06 6297976                    /lib/x86_64-linux-gnu/libz.so.1.2.8
7f52239b2000-7f52239b3000 r--p 00017000 08:06 6297976                    /lib/x86_64-linux-gnu/libz.so.1.2.8
7f52239b3000-7f52239b4000 rw-p 00018000 08:06 6297976                    /lib/x86_64-linux-gnu/libz.so.1.2.8
7f52239b4000-7f52239cb000 r-xp 00000000 08:06 6297934                    /lib/x86_64-linux-gnu/libpthread-2.17.so
7f52239cb000-7f5223bcb000 ---p 00017000 08:06 6297934                    /lib/x86_64-linux-gnu/libpthread-2.17.so
7f5223bcb000-7f5223bcc000 r--p 00017000 08:06 6297934                    /lib/x86_64-linux-gnu/libpthread-2.17.so
7f5223bcc000-7f5223bcd000 rw-p 00018000 08:06 6297934                    /lib/x86_64-linux-gnu/libpthread-2.17.so
7f5223bcd000-7f5223bd1000 rw-p 00000000 00:00 0 
7f5223bd1000-7f5223bd4000 r-xp 00000000 08:06 6297833                    /lib/x86_64-linux-gnu/libdl-2.17.so
7f5223bd4000-7f5223dd3000 ---p 00003000 08:06 6297833                    /lib/x86_64-linux-gnu/libdl-2.17.so
7f5223dd3000-7f5223dd4000 r--p 00002000 08:06 6297833                    /lib/x86_64-linux-gnu/libdl-2.17.so
7f5223dd4000-7f5223dd5000 rw-p 00003000 08:06 6297833                    /lib/x86_64-linux-gnu/libdl-2.17.so
7f5223dd5000-7f5223f92000 r-xp 00000000 08:06 6297818                    /lib/x86_64-linux-gnu/libc-2.17.so
7f5223f92000-7f5224192000 ---p 001bd000 08:06 6297818                    /lib/x86_64-linux-gnu/libc-2.17.so
7f5224192000-7f5224196000 r--p 001bd000 08:06 6297818                    /lib/x86_64-linux-gnu/libc-2.17.so
7f5224196000-7f5224198000 rw-p 001c1000 08:06 6297818                    /lib/x86_64-linux-gnu/libc-2.17.so
7f5224198000-7f522419d000 rw-p 00000000 00:00 0 
7f522419d000-7f52241aa000 r-xp 00000000 08:06 11940621                   /usr/lib/jvm/java-7-openjdk-amd64/jre/lib/amd64/jli/libjli.so
7f52241aa000-7f52243a9000 ---p 0000d000 08:06 11940621                   /usr/lib/jvm/java-7-openjdk-amd64/jre/lib/amd64/jli/libjli.so
7f52243a9000-7f52243aa000 r--p 0000c000 08:06 11940621                   /usr/lib/jvm/java-7-openjdk-amd64/jre/lib/amd64/jli/libjli.so
7f52243aa000-7f52243ab000 rw-p 0000d000 08:06 11940621                   /usr/lib/jvm/java-7-openjdk-amd64/jre/lib/amd64/jli/libjli.so
7f52243ab000-7f52243ce000 r-xp 00000000 08:06 6297794                    /lib/x86_64-linux-gnu/ld-2.17.so
7f52243eb000-7f52243f5000 rw-p 00000000 00:00 0 
7f52243f5000-7f52244ab000 rw-p 00000000 00:00 0 
7f52244ab000-7f52244ae000 ---p 00000000 00:00 0 
7f52244ae000-7f52245b1000 rw-p 00000000 00:00 0                          [stack:11150]
7f52245bf000-7f52245c1000 rw-p 00000000 00:00 0 
7f52245c1000-7f52245c9000 rw-s 00000000 08:06 11272221                   /tmp/hsperfdata_cheggynho/11145
7f52245c9000-7f52245ca000 rw-p 00000000 00:00 0 
7f52245ca000-7f52245cb000 r--p 00000000 00:00 0 
7f52245cb000-7f52245cd000 rw-p 00000000 00:00 0 
7f52245cd000-7f52245ce000 r--p 00022000 08:06 6297794                    /lib/x86_64-linux-gnu/ld-2.17.so
7f52245ce000-7f52245d0000 rw-p 00023000 08:06 6297794                    /lib/x86_64-linux-gnu/ld-2.17.so
7fff8c22b000-7fff8c24c000 rw-p 00000000 00:00 0                          [stack]
7fff8c2b5000-7fff8c2b7000 r-xp 00000000 00:00 0                          [vdso]
ffffffffff600000-ffffffffff601000 r-xp 00000000 00:00 0                  [vsyscall]

VM Arguments:
jvm_args: -Dfile.encoding=UTF-8 -Xbootclasspath:/home/cheggynho/NVPACK/android-sdk-linux/platforms/android-19/android.jar 
java_command: com.example.faceaccess.EncryptionUtil
Launcher Type: SUN_STANDARD

Environment Variables:
PATH=/usr/local/sbin:/usr/local/bin:/usr/sbin:/usr/bin:/sbin:/bin:/usr/games:/usr/local/games:/home/cheggynho/NVPACK/android-sdk-linux/platform-tools:/home/cheggynho/NVPACK/android-sdk-linux/build-tools:/home/cheggynho/NVPACK/android-sdk-linux/tools:/home/cheggynho/NVPACK/apache-ant-1.8.2/bin
USERNAME=cheggynho
LD_LIBRARY_PATH=:/opt/AMDAPP/lib/x86_64:/opt/AMDAPP/lib/x86
SHELL=/bin/bash
DISPLAY=:0.0

Signal Handlers:
SIGSEGV: [libjvm.so+0x916eb0], sa_mask[0]=0x7ffbfeff, sa_flags=0x10000004
SIGBUS: [libjvm.so+0x916eb0], sa_mask[0]=0x7ffbfeff, sa_flags=0x10000004
SIGFPE: [libjvm.so+0x7947e0], sa_mask[0]=0x7ffbfeff, sa_flags=0x10000004
SIGPIPE: [libjvm.so+0x7947e0], sa_mask[0]=0x7ffbfeff, sa_flags=0x10000004
SIGXFSZ: [libjvm.so+0x7947e0], sa_mask[0]=0x7ffbfeff, sa_flags=0x10000004
SIGILL: [libjvm.so+0x7947e0], sa_mask[0]=0x7ffbfeff, sa_flags=0x10000004
SIGUSR1: SIG_DFL, sa_mask[0]=0x00000000, sa_flags=0x00000000
SIGUSR2: [libjvm.so+0x794680], sa_mask[0]=0x00000004, sa_flags=0x10000004
SIGHUP: SIG_DFL, sa_mask[0]=0x00000000, sa_flags=0x00000000
SIGINT: SIG_DFL, sa_mask[0]=0x00000000, sa_flags=0x00000000
SIGTERM: SIG_DFL, sa_mask[0]=0x00000000, sa_flags=0x00000000
SIGQUIT: SIG_DFL, sa_mask[0]=0x00000000, sa_flags=0x00000000


---------------  S Y S T E M  ---------------

OS:Ubuntu 13.10 (saucy)
uname:Linux 3.11.0-26-generic #45-Ubuntu SMP Tue Jul 15 04:02:06 UTC 2014 x86_64
libc:glibc 2.17 NPTL 2.17 
rlimit: STACK 8192k, CORE 0k, NPROC 47057, NOFILE 4096, AS infinity
load average:2.03 0.70 0.46

/proc/meminfo:
MemTotal:        6043648 kB
MemFree:          248052 kB
Buffers:          461976 kB
Cached:          2411612 kB
SwapCached:            0 kB
Active:          3313112 kB
Inactive:        1810828 kB
Active(anon):    1866888 kB
Inactive(anon):   397276 kB
Active(file):    1446224 kB
Inactive(file):  1413552 kB
Unevictable:           0 kB
Mlocked:               0 kB
SwapTotal:      18581500 kB
SwapFree:       18581208 kB
Dirty:              3872 kB
Writeback:             0 kB
AnonPages:       2250984 kB
Mapped:           202204 kB
Shmem:             13812 kB
Slab:             445904 kB
SReclaimable:     406664 kB
SUnreclaim:        39240 kB
KernelStack:        4360 kB
PageTables:        28792 kB
NFS_Unstable:          0 kB
Bounce:                0 kB
WritebackTmp:          0 kB
CommitLimit:    21603324 kB
Committed_AS:    4964200 kB
VmallocTotal:   34359738367 kB
VmallocUsed:      305800 kB
VmallocChunk:   34359413244 kB
HardwareCorrupted:     0 kB
AnonHugePages:         0 kB
HugePages_Total:       0
HugePages_Free:        0
HugePages_Rsvd:        0
HugePages_Surp:        0
Hugepagesize:       2048 kB
DirectMap4k:       70544 kB
DirectMap2M:     6152192 kB


CPU:total 8 (4 cores per cpu, 2 threads per core) family 6 model 30 stepping 5, cmov, cx8, fxsr, mmx, sse, sse2, sse3, ssse3, sse4.1, sse4.2, popcnt, ht, tsc, tscinvbit

/proc/cpuinfo:
processor	: 0
vendor_id	: GenuineIntel
cpu family	: 6
model		: 30
model name	: Intel(R) Core(TM) i7 CPU       Q 720  @ 1.60GHz
stepping	: 5
microcode	: 0x3
cpu MHz		: 1600.000
cache size	: 6144 KB
physical id	: 0
siblings	: 8
core id		: 0
cpu cores	: 4
apicid		: 0
initial apicid	: 0
fpu		: yes
fpu_exception	: yes
cpuid level	: 11
wp		: yes
flags		: fpu vme de pse tsc msr pae mce cx8 apic sep mtrr pge mca cmov pat pse36 clflush dts acpi mmx fxsr sse sse2 ss ht tm pbe syscall nx rdtscp lm constant_tsc arch_perfmon pebs bts rep_good nopl xtopology nonstop_tsc aperfmperf pni dtes64 monitor ds_cpl vmx smx est tm2 ssse3 cx16 xtpr pdcm sse4_1 sse4_2 popcnt lahf_lm ida dtherm tpr_shadow vnmi flexpriority ept vpid
bogomips	: 3192.17
clflush size	: 64
cache_alignment	: 64
address sizes	: 36 bits physical, 48 bits virtual
power management:

processor	: 1
vendor_id	: GenuineIntel
cpu family	: 6
model		: 30
model name	: Intel(R) Core(TM) i7 CPU       Q 720  @ 1.60GHz
stepping	: 5
microcode	: 0x3
cpu MHz		: 933.000
cache size	: 6144 KB
physical id	: 0
siblings	: 8
core id		: 1
cpu cores	: 4
apicid		: 2
initial apicid	: 2
fpu		: yes
fpu_exception	: yes
cpuid level	: 11
wp		: yes
flags		: fpu vme de pse tsc msr pae mce cx8 apic sep mtrr pge mca cmov pat pse36 clflush dts acpi mmx fxsr sse sse2 ss ht tm pbe syscall nx rdtscp lm constant_tsc arch_perfmon pebs bts rep_good nopl xtopology nonstop_tsc aperfmperf pni dtes64 monitor ds_cpl vmx smx est tm2 ssse3 cx16 xtpr pdcm sse4_1 sse4_2 popcnt lahf_lm ida dtherm tpr_shadow vnmi flexpriority ept vpid
bogomips	: 3192.17
clflush size	: 64
cache_alignment	: 64
address sizes	: 36 bits physical, 48 bits virtual
power management:

processor	: 2
vendor_id	: GenuineIntel
cpu family	: 6
model		: 30
model name	: Intel(R) Core(TM) i7 CPU       Q 720  @ 1.60GHz
stepping	: 5
microcode	: 0x3
cpu MHz		: 1600.000
cache size	: 6144 KB
physical id	: 0
siblings	: 8
core id		: 2
cpu cores	: 4
apicid		: 4
initial apicid	: 4
fpu		: yes
fpu_exception	: yes
cpuid level	: 11
wp		: yes
flags		: fpu vme de pse tsc msr pae mce cx8 apic sep mtrr pge mca cmov pat pse36 clflush dts acpi mmx fxsr sse sse2 ss ht tm pbe syscall nx rdtscp lm constant_tsc arch_perfmon pebs bts rep_good nopl xtopology nonstop_tsc aperfmperf pni dtes64 monitor ds_cpl vmx smx est tm2 ssse3 cx16 xtpr pdcm sse4_1 sse4_2 popcnt lahf_lm ida dtherm tpr_shadow vnmi flexpriority ept vpid
bogomips	: 3192.17
clflush size	: 64
cache_alignment	: 64
address sizes	: 36 bits physical, 48 bits virtual
power management:

processor	: 3
vendor_id	: GenuineIntel
cpu family	: 6
model		: 30
model name	: Intel(R) Core(TM) i7 CPU       Q 720  @ 1.60GHz
stepping	: 5
microcode	: 0x3
cpu MHz		: 933.000
cache size	: 6144 KB
physical id	: 0
siblings	: 8
core id		: 3
cpu cores	: 4
apicid		: 6
initial apicid	: 6
fpu		: yes
fpu_exception	: yes
cpuid level	: 11
wp		: yes
flags		: fpu vme de pse tsc msr pae mce cx8 apic sep mtrr pge mca cmov pat pse36 clflush dts acpi mmx fxsr sse sse2 ss ht tm pbe syscall nx rdtscp lm constant_tsc arch_perfmon pebs bts rep_good nopl xtopology nonstop_tsc aperfmperf pni dtes64 monitor ds_cpl vmx smx est tm2 ssse3 cx16 xtpr pdcm sse4_1 sse4_2 popcnt lahf_lm ida dtherm tpr_shadow vnmi flexpriority ept vpid
bogomips	: 3192.17
clflush size	: 64
cache_alignment	: 64
address sizes	: 36 bits physical, 48 bits virtual
power management:

processor	: 4
vendor_id	: GenuineIntel
cpu family	: 6
model		: 30
model name	: Intel(R) Core(TM) i7 CPU       Q 720  @ 1.60GHz
stepping	: 5
microcode	: 0x3
cpu MHz		: 933.000
cache size	: 6144 KB
physical id	: 0
siblings	: 8
core id		: 0
cpu cores	: 4
apicid		: 1
initial apicid	: 1
fpu		: yes
fpu_exception	: yes
cpuid level	: 11
wp		: yes
flags		: fpu vme de pse tsc msr pae mce cx8 apic sep mtrr pge mca cmov pat pse36 clflush dts acpi mmx fxsr sse sse2 ss ht tm pbe syscall nx rdtscp lm constant_tsc arch_perfmon pebs bts rep_good nopl xtopology nonstop_tsc aperfmperf pni dtes64 monitor ds_cpl vmx smx est tm2 ssse3 cx16 xtpr pdcm sse4_1 sse4_2 popcnt lahf_lm ida dtherm tpr_shadow vnmi flexpriority ept vpid
bogomips	: 3192.17
clflush size	: 64
cache_alignment	: 64
address sizes	: 36 bits physical, 48 bits virtual
power management:

processor	: 5
vendor_id	: GenuineIntel
cpu family	: 6
model		: 30
model name	: Intel(R) Core(TM) i7 CPU       Q 720  @ 1.60GHz
stepping	: 5
microcode	: 0x3
cpu MHz		: 933.000
cache size	: 6144 KB
physical id	: 0
siblings	: 8
core id		: 1
cpu cores	: 4
apicid		: 3
initial apicid	: 3
fpu		: yes
fpu_exception	: yes
cpuid level	: 11
wp		: yes
flags		: fpu vme de pse tsc msr pae mce cx8 apic sep mtrr pge mca cmov pat pse36 clflush dts acpi mmx fxsr sse sse2 ss ht tm pbe syscall nx rdtscp lm constant_tsc arch_perfmon pebs bts rep_good nopl xtopology nonstop_tsc aperfmperf pni dtes64 monitor ds_cpl vmx smx est tm2 ssse3 cx16 xtpr pdcm sse4_1 sse4_2 popcnt lahf_lm ida dtherm tpr_shadow vnmi flexpriority ept vpid
bogomips	: 3192.17
clflush size	: 64
cache_alignment	: 64
address sizes	: 36 bits physical, 48 bits virtual
power management:

processor	: 6
vendor_id	: GenuineIntel
cpu family	: 6
model		: 30
model name	: Intel(R) Core(TM) i7 CPU       Q 720  @ 1.60GHz
stepping	: 5
microcode	: 0x3
cpu MHz		: 933.000
cache size	: 6144 KB
physical id	: 0
siblings	: 8
core id		: 2
cpu cores	: 4
apicid		: 5
initial apicid	: 5
fpu		: yes
fpu_exception	: yes
cpuid level	: 11
wp		: yes
flags		: fpu vme de pse tsc msr pae mce cx8 apic sep mtrr pge mca cmov pat pse36 clflush dts acpi mmx fxsr sse sse2 ss ht tm pbe syscall nx rdtscp lm constant_tsc arch_perfmon pebs bts rep_good nopl xtopology nonstop_tsc aperfmperf pni dtes64 monitor ds_cpl vmx smx est tm2 ssse3 cx16 xtpr pdcm sse4_1 sse4_2 popcnt lahf_lm ida dtherm tpr_shadow vnmi flexpriority ept vpid
bogomips	: 3192.17
clflush size	: 64
cache_alignment	: 64
address sizes	: 36 bits physical, 48 bits virtual
power management:

processor	: 7
vendor_id	: GenuineIntel
cpu family	: 6
model		: 30
model name	: Intel(R) Core(TM) i7 CPU       Q 720  @ 1.60GHz
stepping	: 5
microcode	: 0x3
cpu MHz		: 1600.000
cache size	: 6144 KB
physical id	: 0
siblings	: 8
core id		: 3
cpu cores	: 4
apicid		: 7
initial apicid	: 7
fpu		: yes
fpu_exception	: yes
cpuid level	: 11
wp		: yes
flags		: fpu vme de pse tsc msr pae mce cx8 apic sep mtrr pge mca cmov pat pse36 clflush dts acpi mmx fxsr sse sse2 ss ht tm pbe syscall nx rdtscp lm constant_tsc arch_perfmon pebs bts rep_good nopl xtopology nonstop_tsc aperfmperf pni dtes64 monitor ds_cpl vmx smx est tm2 ssse3 cx16 xtpr pdcm sse4_1 sse4_2 popcnt lahf_lm ida dtherm tpr_shadow vnmi flexpriority ept vpid
bogomips	: 3192.17
clflush size	: 64
cache_alignment	: 64
address sizes	: 36 bits physical, 48 bits virtual
power management:



Memory: 4k page, physical 6043648k(248052k free), swap 18581500k(18581208k free)

vm_info: OpenJDK 64-Bit Server VM (24.51-b03) for linux-amd64 JRE (1.7.0_55-b14), built on Apr 17 2014 21:13:26 by "buildd" with gcc 4.8.1

time: Fri Aug 29 18:23:41 2014
elapsed time: 0 seconds

