#
# A fatal error has been detected by the Java Runtime Environment:
#
#  Internal Error (javaClasses.cpp:136), pid=10995, tid=140039710934784
#  fatal error: Invalid layout of preloaded class
#
# JRE version:  (7.0_55-b14) (build )
# Java VM: OpenJDK 64-Bit Server VM (24.51-b03 mixed mode linux-amd64 compressed oops)
# Failed to write core dump. Core dumps have been disabled. To enable core dumping, try "ulimit -c unlimited" before starting Java again
#
# If you would like to submit a bug report, please include
# instructions on how to reproduce the bug and visit:
#   http://icedtea.classpath.org/bugzilla
#

---------------  T H R E A D  ---------------

Current thread (0x00007f5d8000a000):  JavaThread "Unknown thread" [_thread_in_vm, id=11000, stack(0x00007f5d89298000,0x00007f5d89399000)]

Stack: [0x00007f5d89298000,0x00007f5d89399000],  sp=0x00007f5d893978a0,  free space=1022k
Native frames: (J=compiled Java code, j=interpreted, Vv=VM code, C=native code)
V  [libjvm.so+0x9163c5]  VMError::report_and_die()+0x175
V  [libjvm.so+0x466774]  report_fatal(char const*, int, char const*)+0x54
V  [libjvm.so+0x5bf65a]  compute_offset(int&, klassOopDesc*, Symbol*, Symbol*, bool) [clone .constprop.121]+0x10a
V  [libjvm.so+0x5bfc66]  java_lang_String::compute_offsets()+0x36
V  [libjvm.so+0x89cf2c]  SystemDictionary::initialize_preloaded_classes(Thread*)+0xcc
V  [libjvm.so+0x8e7eb8]  Universe::genesis(Thread*)+0x468
V  [libjvm.so+0x8e84c4]  universe2_init()+0x24
V  [libjvm.so+0x57433a]  init_globals()+0x9a
V  [libjvm.so+0x8cb78f]  Threads::create_vm(JavaVMInitArgs*, bool*)+0x35f
V  [libjvm.so+0x5ddbb4]  JNI_CreateJavaVM+0x54
C  [libjli.so+0x2b18]  __strcat_chk+0x2b18


---------------  P R O C E S S  ---------------

Java Threads: ( => current thread )

Other Threads:

=>0x00007f5d8000a000 (exited) JavaThread "Unknown thread" [_thread_in_vm, id=11000, stack(0x00007f5d89298000,0x00007f5d89399000)]

VM state:not at safepoint (not fully initialized)

VM Mutex/Monitor currently owned by a thread: None

GC Heap History (0 events):
No events

Deoptimization events (0 events):
No events

Internal exceptions (0 events):
No events

Events (10 events):
Event: 0.014 loading class 0x00007f5d84dc76f0 done
Event: 0.015 loading class 0x00007f5d84dc7110 done
Event: 0.015 loading class 0x00007f5d84dc70f0
Event: 0.015 loading class 0x00007f5d84dcf130
Event: 0.015 loading class 0x00007f5d84dcf130 done
Event: 0.015 loading class 0x00007f5d84dcf160
Event: 0.015 loading class 0x00007f5d84dcf160 done
Event: 0.015 loading class 0x00007f5d84dcf190
Event: 0.015 loading class 0x00007f5d84dcf190 done
Event: 0.015 loading class 0x00007f5d84dc70f0 done


Dynamic libraries:
00400000-00401000 r-xp 00000000 08:06 11940665                           /usr/lib/jvm/java-7-openjdk-amd64/jre/bin/java
00600000-00601000 r--p 00000000 08:06 11940665                           /usr/lib/jvm/java-7-openjdk-amd64/jre/bin/java
00601000-00602000 rw-p 00001000 08:06 11940665                           /usr/lib/jvm/java-7-openjdk-amd64/jre/bin/java
015de000-015ff000 rw-p 00000000 00:00 0                                  [heap]
99600000-9ab00000 rw-p 00000000 00:00 0 
9ab00000-a3c00000 rw-p 00000000 00:00 0 
a3c00000-a7980000 rw-p 00000000 00:00 0 
a7980000-e1400000 rw-p 00000000 00:00 0 
e1400000-e3300000 rw-p 00000000 00:00 0 
e3300000-100000000 rw-p 00000000 00:00 0 
7f5d54000000-7f5d54021000 rw-p 00000000 00:00 0 
7f5d54021000-7f5d58000000 ---p 00000000 00:00 0 
7f5d5c000000-7f5d5c021000 rw-p 00000000 00:00 0 
7f5d5c021000-7f5d60000000 ---p 00000000 00:00 0 
7f5d60cb0000-7f5d64000000 rw-p 00000000 00:00 0 
7f5d64000000-7f5d64021000 rw-p 00000000 00:00 0 
7f5d64021000-7f5d68000000 ---p 00000000 00:00 0 
7f5d68000000-7f5d68021000 rw-p 00000000 00:00 0 
7f5d68021000-7f5d6c000000 ---p 00000000 00:00 0 
7f5d6c000000-7f5d6c021000 rw-p 00000000 00:00 0 
7f5d6c021000-7f5d70000000 ---p 00000000 00:00 0 
7f5d70000000-7f5d70021000 rw-p 00000000 00:00 0 
7f5d70021000-7f5d74000000 ---p 00000000 00:00 0 
7f5d74000000-7f5d74021000 rw-p 00000000 00:00 0 
7f5d74021000-7f5d78000000 ---p 00000000 00:00 0 
7f5d78000000-7f5d78021000 rw-p 00000000 00:00 0 
7f5d78021000-7f5d7c000000 ---p 00000000 00:00 0 
7f5d7d000000-7f5d7d270000 rwxp 00000000 00:00 0 
7f5d7d270000-7f5d8005d000 rw-p 00000000 00:00 0 
7f5d8005d000-7f5d84000000 ---p 00000000 00:00 0 
7f5d84a1d000-7f5d84c7a000 rw-p 00000000 00:00 0 
7f5d84c7a000-7f5d84d51000 r--s 013f2000 08:06 15346414                   /home/cheggynho/NVPACK/android-sdk-linux/platforms/android-19/android.jar
7f5d84d51000-7f5d851a0000 rw-p 00000000 00:00 0 
7f5d851a0000-7f5d851a1000 ---p 00000000 00:00 0 
7f5d851a1000-7f5d852a1000 rw-p 00000000 00:00 0                          [stack:11008]
7f5d852a1000-7f5d852a2000 ---p 00000000 00:00 0 
7f5d852a2000-7f5d853a2000 rw-p 00000000 00:00 0                          [stack:11007]
7f5d853a2000-7f5d853a3000 ---p 00000000 00:00 0 
7f5d853a3000-7f5d854a3000 rw-p 00000000 00:00 0                          [stack:11006]
7f5d854a3000-7f5d854a4000 ---p 00000000 00:00 0 
7f5d854a4000-7f5d855a4000 rw-p 00000000 00:00 0                          [stack:11005]
7f5d855a4000-7f5d855a5000 ---p 00000000 00:00 0 
7f5d855a5000-7f5d856a5000 rw-p 00000000 00:00 0                          [stack:11004]
7f5d856a5000-7f5d856a6000 ---p 00000000 00:00 0 
7f5d856a6000-7f5d857a6000 rw-p 00000000 00:00 0                          [stack:11003]
7f5d857a6000-7f5d857a7000 ---p 00000000 00:00 0 
7f5d857a7000-7f5d858a7000 rw-p 00000000 00:00 0                          [stack:11002]
7f5d858a7000-7f5d858a8000 ---p 00000000 00:00 0 
7f5d858a8000-7f5d859b3000 rw-p 00000000 00:00 0                          [stack:11001]
7f5d859b3000-7f5d859fb000 rw-p 00000000 00:00 0 
7f5d859fb000-7f5d85a1a000 rw-p 00000000 00:00 0 
7f5d85a1a000-7f5d85be7000 rw-p 00000000 00:00 0 
7f5d85be7000-7f5d85bf2000 rw-p 00000000 00:00 0 
7f5d85bf2000-7f5d85c3a000 rw-p 00000000 00:00 0 
7f5d85c3a000-7f5d85c59000 rw-p 00000000 00:00 0 
7f5d85c59000-7f5d85e26000 rw-p 00000000 00:00 0 
7f5d85e26000-7f5d85e36000 rw-p 00000000 00:00 0 
7f5d85e36000-7f5d85f1c000 rw-p 00000000 00:00 0 
7f5d85f1c000-7f5d85f1d000 rw-p 00000000 00:00 0 
7f5d85f1d000-7f5d85f25000 r-xp 00000000 08:06 11938108                   /usr/lib/jvm/java-7-openjdk-amd64/jre/lib/amd64/libzip.so
7f5d85f25000-7f5d86124000 ---p 00008000 08:06 11938108                   /usr/lib/jvm/java-7-openjdk-amd64/jre/lib/amd64/libzip.so
7f5d86124000-7f5d86125000 r--p 00007000 08:06 11938108                   /usr/lib/jvm/java-7-openjdk-amd64/jre/lib/amd64/libzip.so
7f5d86125000-7f5d86126000 rw-p 00008000 08:06 11938108                   /usr/lib/jvm/java-7-openjdk-amd64/jre/lib/amd64/libzip.so
7f5d86126000-7f5d86132000 r-xp 00000000 08:06 6297894                    /lib/x86_64-linux-gnu/libnss_files-2.17.so
7f5d86132000-7f5d86331000 ---p 0000c000 08:06 6297894                    /lib/x86_64-linux-gnu/libnss_files-2.17.so
7f5d86331000-7f5d86332000 r--p 0000b000 08:06 6297894                    /lib/x86_64-linux-gnu/libnss_files-2.17.so
7f5d86332000-7f5d86333000 rw-p 0000c000 08:06 6297894                    /lib/x86_64-linux-gnu/libnss_files-2.17.so
7f5d86333000-7f5d8633e000 r-xp 00000000 08:06 6297899                    /lib/x86_64-linux-gnu/libnss_nis-2.17.so
7f5d8633e000-7f5d8653d000 ---p 0000b000 08:06 6297899                    /lib/x86_64-linux-gnu/libnss_nis-2.17.so
7f5d8653d000-7f5d8653e000 r--p 0000a000 08:06 6297899                    /lib/x86_64-linux-gnu/libnss_nis-2.17.so
7f5d8653e000-7f5d8653f000 rw-p 0000b000 08:06 6297899                    /lib/x86_64-linux-gnu/libnss_nis-2.17.so
7f5d8653f000-7f5d86556000 r-xp 00000000 08:06 6297888                    /lib/x86_64-linux-gnu/libnsl-2.17.so
7f5d86556000-7f5d86755000 ---p 00017000 08:06 6297888                    /lib/x86_64-linux-gnu/libnsl-2.17.so
7f5d86755000-7f5d86756000 r--p 00016000 08:06 6297888                    /lib/x86_64-linux-gnu/libnsl-2.17.so
7f5d86756000-7f5d86757000 rw-p 00017000 08:06 6297888                    /lib/x86_64-linux-gnu/libnsl-2.17.so
7f5d86757000-7f5d86759000 rw-p 00000000 00:00 0 
7f5d86759000-7f5d86761000 r-xp 00000000 08:06 6297890                    /lib/x86_64-linux-gnu/libnss_compat-2.17.so
7f5d86761000-7f5d86960000 ---p 00008000 08:06 6297890                    /lib/x86_64-linux-gnu/libnss_compat-2.17.so
7f5d86960000-7f5d86961000 r--p 00007000 08:06 6297890                    /lib/x86_64-linux-gnu/libnss_compat-2.17.so
7f5d86961000-7f5d86962000 rw-p 00008000 08:06 6297890                    /lib/x86_64-linux-gnu/libnss_compat-2.17.so
7f5d86962000-7f5d8698d000 r-xp 00000000 08:06 11938105                   /usr/lib/jvm/java-7-openjdk-amd64/jre/lib/amd64/libjava.so
7f5d8698d000-7f5d86b8c000 ---p 0002b000 08:06 11938105                   /usr/lib/jvm/java-7-openjdk-amd64/jre/lib/amd64/libjava.so
7f5d86b8c000-7f5d86b8d000 r--p 0002a000 08:06 11938105                   /usr/lib/jvm/java-7-openjdk-amd64/jre/lib/amd64/libjava.so
7f5d86b8d000-7f5d86b8f000 rw-p 0002b000 08:06 11938105                   /usr/lib/jvm/java-7-openjdk-amd64/jre/lib/amd64/libjava.so
7f5d86b8f000-7f5d86b9f000 r-xp 00000000 08:06 11938119                   /usr/lib/jvm/java-7-openjdk-amd64/jre/lib/amd64/libverify.so
7f5d86b9f000-7f5d86d9e000 ---p 00010000 08:06 11938119                   /usr/lib/jvm/java-7-openjdk-amd64/jre/lib/amd64/libverify.so
7f5d86d9e000-7f5d86da0000 r--p 0000f000 08:06 11938119                   /usr/lib/jvm/java-7-openjdk-amd64/jre/lib/amd64/libverify.so
7f5d86da0000-7f5d86da1000 rw-p 00011000 08:06 11938119                   /usr/lib/jvm/java-7-openjdk-amd64/jre/lib/amd64/libverify.so
7f5d86da1000-7f5d86da8000 r-xp 00000000 08:06 6297942                    /lib/x86_64-linux-gnu/librt-2.17.so
7f5d86da8000-7f5d86fa7000 ---p 00007000 08:06 6297942                    /lib/x86_64-linux-gnu/librt-2.17.so
7f5d86fa7000-7f5d86fa8000 r--p 00006000 08:06 6297942                    /lib/x86_64-linux-gnu/librt-2.17.so
7f5d86fa8000-7f5d86fa9000 rw-p 00007000 08:06 6297942                    /lib/x86_64-linux-gnu/librt-2.17.so
7f5d86fa9000-7f5d86fbe000 r-xp 00000000 08:06 6297594                    /lib/x86_64-linux-gnu/libgcc_s.so.1
7f5d86fbe000-7f5d871bd000 ---p 00015000 08:06 6297594                    /lib/x86_64-linux-gnu/libgcc_s.so.1
7f5d871bd000-7f5d871be000 r--p 00014000 08:06 6297594                    /lib/x86_64-linux-gnu/libgcc_s.so.1
7f5d871be000-7f5d871bf000 rw-p 00015000 08:06 6297594                    /lib/x86_64-linux-gnu/libgcc_s.so.1
7f5d871bf000-7f5d872c2000 r-xp 00000000 08:06 6297869                    /lib/x86_64-linux-gnu/libm-2.17.so
7f5d872c2000-7f5d874c1000 ---p 00103000 08:06 6297869                    /lib/x86_64-linux-gnu/libm-2.17.so
7f5d874c1000-7f5d874c2000 r--p 00102000 08:06 6297869                    /lib/x86_64-linux-gnu/libm-2.17.so
7f5d874c2000-7f5d874c3000 rw-p 00103000 08:06 6297869                    /lib/x86_64-linux-gnu/libm-2.17.so
7f5d874c3000-7f5d875a9000 r-xp 00000000 08:06 11536648                   /usr/lib/x86_64-linux-gnu/libstdc++.so.6.0.18
7f5d875a9000-7f5d877a8000 ---p 000e6000 08:06 11536648                   /usr/lib/x86_64-linux-gnu/libstdc++.so.6.0.18
7f5d877a8000-7f5d877b0000 r--p 000e5000 08:06 11536648                   /usr/lib/x86_64-linux-gnu/libstdc++.so.6.0.18
7f5d877b0000-7f5d877b2000 rw-p 000ed000 08:06 11536648                   /usr/lib/x86_64-linux-gnu/libstdc++.so.6.0.18
7f5d877b2000-7f5d877c7000 rw-p 00000000 00:00 0 
7f5d877c7000-7f5d882a6000 r-xp 00000000 08:06 11940616                   /usr/lib/jvm/java-7-openjdk-amd64/jre/lib/amd64/server/libjvm.so
7f5d882a6000-7f5d884a6000 ---p 00adf000 08:06 11940616                   /usr/lib/jvm/java-7-openjdk-amd64/jre/lib/amd64/server/libjvm.so
7f5d884a6000-7f5d88538000 r--p 00adf000 08:06 11940616                   /usr/lib/jvm/java-7-openjdk-amd64/jre/lib/amd64/server/libjvm.so
7f5d88538000-7f5d8855b000 rw-p 00b71000 08:06 11940616                   /usr/lib/jvm/java-7-openjdk-amd64/jre/lib/amd64/server/libjvm.so
7f5d8855b000-7f5d88588000 rw-p 00000000 00:00 0 
7f5d88588000-7f5d885a0000 r-xp 00000000 08:06 6297976                    /lib/x86_64-linux-gnu/libz.so.1.2.8
7f5d885a0000-7f5d8879f000 ---p 00018000 08:06 6297976                    /lib/x86_64-linux-gnu/libz.so.1.2.8
7f5d8879f000-7f5d887a0000 r--p 00017000 08:06 6297976                    /lib/x86_64-linux-gnu/libz.so.1.2.8
7f5d887a0000-7f5d887a1000 rw-p 00018000 08:06 6297976                    /lib/x86_64-linux-gnu/libz.so.1.2.8
7f5d887a1000-7f5d887b8000 r-xp 00000000 08:06 6297934                    /lib/x86_64-linux-gnu/libpthread-2.17.so
7f5d887b8000-7f5d889b8000 ---p 00017000 08:06 6297934                    /lib/x86_64-linux-gnu/libpthread-2.17.so
7f5d889b8000-7f5d889b9000 r--p 00017000 08:06 6297934                    /lib/x86_64-linux-gnu/libpthread-2.17.so
7f5d889b9000-7f5d889ba000 rw-p 00018000 08:06 6297934                    /lib/x86_64-linux-gnu/libpthread-2.17.so
7f5d889ba000-7f5d889be000 rw-p 00000000 00:00 0 
7f5d889be000-7f5d889c1000 r-xp 00000000 08:06 6297833                    /lib/x86_64-linux-gnu/libdl-2.17.so
7f5d889c1000-7f5d88bc0000 ---p 00003000 08:06 6297833                    /lib/x86_64-linux-gnu/libdl-2.17.so
7f5d88bc0000-7f5d88bc1000 r--p 00002000 08:06 6297833                    /lib/x86_64-linux-gnu/libdl-2.17.so
7f5d88bc1000-7f5d88bc2000 rw-p 00003000 08:06 6297833                    /lib/x86_64-linux-gnu/libdl-2.17.so
7f5d88bc2000-7f5d88d7f000 r-xp 00000000 08:06 6297818                    /lib/x86_64-linux-gnu/libc-2.17.so
7f5d88d7f000-7f5d88f7f000 ---p 001bd000 08:06 6297818                    /lib/x86_64-linux-gnu/libc-2.17.so
7f5d88f7f000-7f5d88f83000 r--p 001bd000 08:06 6297818                    /lib/x86_64-linux-gnu/libc-2.17.so
7f5d88f83000-7f5d88f85000 rw-p 001c1000 08:06 6297818                    /lib/x86_64-linux-gnu/libc-2.17.so
7f5d88f85000-7f5d88f8a000 rw-p 00000000 00:00 0 
7f5d88f8a000-7f5d88f97000 r-xp 00000000 08:06 11940621                   /usr/lib/jvm/java-7-openjdk-amd64/jre/lib/amd64/jli/libjli.so
7f5d88f97000-7f5d89196000 ---p 0000d000 08:06 11940621                   /usr/lib/jvm/java-7-openjdk-amd64/jre/lib/amd64/jli/libjli.so
7f5d89196000-7f5d89197000 r--p 0000c000 08:06 11940621                   /usr/lib/jvm/java-7-openjdk-amd64/jre/lib/amd64/jli/libjli.so
7f5d89197000-7f5d89198000 rw-p 0000d000 08:06 11940621                   /usr/lib/jvm/java-7-openjdk-amd64/jre/lib/amd64/jli/libjli.so
7f5d89198000-7f5d891bb000 r-xp 00000000 08:06 6297794                    /lib/x86_64-linux-gnu/ld-2.17.so
7f5d891d8000-7f5d891e2000 rw-p 00000000 00:00 0 
7f5d891e2000-7f5d89298000 rw-p 00000000 00:00 0 
7f5d89298000-7f5d8929b000 ---p 00000000 00:00 0 
7f5d8929b000-7f5d8939e000 rw-p 00000000 00:00 0                          [stack:11000]
7f5d893ac000-7f5d893ae000 rw-p 00000000 00:00 0 
7f5d893ae000-7f5d893b6000 rw-s 00000000 08:06 11272221                   /tmp/hsperfdata_cheggynho/10995
7f5d893b6000-7f5d893b7000 rw-p 00000000 00:00 0 
7f5d893b7000-7f5d893b8000 r--p 00000000 00:00 0 
7f5d893b8000-7f5d893ba000 rw-p 00000000 00:00 0 
7f5d893ba000-7f5d893bb000 r--p 00022000 08:06 6297794                    /lib/x86_64-linux-gnu/ld-2.17.so
7f5d893bb000-7f5d893bd000 rw-p 00023000 08:06 6297794                    /lib/x86_64-linux-gnu/ld-2.17.so
7fffcc668000-7fffcc689000 rw-p 00000000 00:00 0                          [stack]
7fffcc7fe000-7fffcc800000 r-xp 00000000 00:00 0                          [vdso]
ffffffffff600000-ffffffffff601000 r-xp 00000000 00:00 0                  [vsyscall]

VM Arguments:
jvm_args: -Dfile.encoding=UTF-8 -Xbootclasspath:/home/cheggynho/NVPACK/android-sdk-linux/platforms/android-19/android.jar 
java_command: com.example.faceaccess.EncryptionUtil
Launcher Type: SUN_STANDARD

Environment Variables:
PATH=/usr/local/sbin:/usr/local/bin:/usr/sbin:/usr/bin:/sbin:/bin:/usr/games:/usr/local/games:/home/cheggynho/NVPACK/android-sdk-linux/platform-tools:/home/cheggynho/NVPACK/android-sdk-linux/build-tools:/home/cheggynho/NVPACK/android-sdk-linux/tools:/home/cheggynho/NVPACK/apache-ant-1.8.2/bin
USERNAME=cheggynho
LD_LIBRARY_PATH=:/opt/AMDAPP/lib/x86_64:/opt/AMDAPP/lib/x86
SHELL=/bin/bash
DISPLAY=:0.0

Signal Handlers:
SIGSEGV: [libjvm.so+0x916eb0], sa_mask[0]=0x7ffbfeff, sa_flags=0x10000004
SIGBUS: [libjvm.so+0x916eb0], sa_mask[0]=0x7ffbfeff, sa_flags=0x10000004
SIGFPE: [libjvm.so+0x7947e0], sa_mask[0]=0x7ffbfeff, sa_flags=0x10000004
SIGPIPE: [libjvm.so+0x7947e0], sa_mask[0]=0x7ffbfeff, sa_flags=0x10000004
SIGXFSZ: [libjvm.so+0x7947e0], sa_mask[0]=0x7ffbfeff, sa_flags=0x10000004
SIGILL: [libjvm.so+0x7947e0], sa_mask[0]=0x7ffbfeff, sa_flags=0x10000004
SIGUSR1: SIG_DFL, sa_mask[0]=0x00000000, sa_flags=0x00000000
SIGUSR2: [libjvm.so+0x794680], sa_mask[0]=0x00000004, sa_flags=0x10000004
SIGHUP: SIG_DFL, sa_mask[0]=0x00000000, sa_flags=0x00000000
SIGINT: SIG_DFL, sa_mask[0]=0x00000000, sa_flags=0x00000000
SIGTERM: SIG_DFL, sa_mask[0]=0x00000000, sa_flags=0x00000000
SIGQUIT: SIG_DFL, sa_mask[0]=0x00000000, sa_flags=0x00000000


---------------  S Y S T E M  ---------------

OS:Ubuntu 13.10 (saucy)
uname:Linux 3.11.0-26-generic #45-Ubuntu SMP Tue Jul 15 04:02:06 UTC 2014 x86_64
libc:glibc 2.17 NPTL 2.17 
rlimit: STACK 8192k, CORE 0k, NPROC 47057, NOFILE 4096, AS infinity
load average:0.99 0.48 0.39

/proc/meminfo:
MemTotal:        6043648 kB
MemFree:          268668 kB
Buffers:          461968 kB
Cached:          2411428 kB
SwapCached:            0 kB
Active:          3284592 kB
Inactive:        1819532 kB
Active(anon):    1847276 kB
Inactive(anon):   397248 kB
Active(file):    1437316 kB
Inactive(file):  1422284 kB
Unevictable:           0 kB
Mlocked:               0 kB
SwapTotal:      18581500 kB
SwapFree:       18581208 kB
Dirty:              5396 kB
Writeback:             0 kB
AnonPages:       2231036 kB
Mapped:           198220 kB
Shmem:             13784 kB
Slab:             445916 kB
SReclaimable:     406584 kB
SUnreclaim:        39332 kB
KernelStack:        4336 kB
PageTables:        28216 kB
NFS_Unstable:          0 kB
Bounce:                0 kB
WritebackTmp:          0 kB
CommitLimit:    21603324 kB
Committed_AS:    4934184 kB
VmallocTotal:   34359738367 kB
VmallocUsed:      305800 kB
VmallocChunk:   34359413244 kB
HardwareCorrupted:     0 kB
AnonHugePages:         0 kB
HugePages_Total:       0
HugePages_Free:        0
HugePages_Rsvd:        0
HugePages_Surp:        0
Hugepagesize:       2048 kB
DirectMap4k:       70544 kB
DirectMap2M:     6152192 kB


CPU:total 8 (4 cores per cpu, 2 threads per core) family 6 model 30 stepping 5, cmov, cx8, fxsr, mmx, sse, sse2, sse3, ssse3, sse4.1, sse4.2, popcnt, ht, tsc, tscinvbit

/proc/cpuinfo:
processor	: 0
vendor_id	: GenuineIntel
cpu family	: 6
model		: 30
model name	: Intel(R) Core(TM) i7 CPU       Q 720  @ 1.60GHz
stepping	: 5
microcode	: 0x3
cpu MHz		: 1600.000
cache size	: 6144 KB
physical id	: 0
siblings	: 8
core id		: 0
cpu cores	: 4
apicid		: 0
initial apicid	: 0
fpu		: yes
fpu_exception	: yes
cpuid level	: 11
wp		: yes
flags		: fpu vme de pse tsc msr pae mce cx8 apic sep mtrr pge mca cmov pat pse36 clflush dts acpi mmx fxsr sse sse2 ss ht tm pbe syscall nx rdtscp lm constant_tsc arch_perfmon pebs bts rep_good nopl xtopology nonstop_tsc aperfmperf pni dtes64 monitor ds_cpl vmx smx est tm2 ssse3 cx16 xtpr pdcm sse4_1 sse4_2 popcnt lahf_lm ida dtherm tpr_shadow vnmi flexpriority ept vpid
bogomips	: 3192.17
clflush size	: 64
cache_alignment	: 64
address sizes	: 36 bits physical, 48 bits virtual
power management:

processor	: 1
vendor_id	: GenuineIntel
cpu family	: 6
model		: 30
model name	: Intel(R) Core(TM) i7 CPU       Q 720  @ 1.60GHz
stepping	: 5
microcode	: 0x3
cpu MHz		: 933.000
cache size	: 6144 KB
physical id	: 0
siblings	: 8
core id		: 1
cpu cores	: 4
apicid		: 2
initial apicid	: 2
fpu		: yes
fpu_exception	: yes
cpuid level	: 11
wp		: yes
flags		: fpu vme de pse tsc msr pae mce cx8 apic sep mtrr pge mca cmov pat pse36 clflush dts acpi mmx fxsr sse sse2 ss ht tm pbe syscall nx rdtscp lm constant_tsc arch_perfmon pebs bts rep_good nopl xtopology nonstop_tsc aperfmperf pni dtes64 monitor ds_cpl vmx smx est tm2 ssse3 cx16 xtpr pdcm sse4_1 sse4_2 popcnt lahf_lm ida dtherm tpr_shadow vnmi flexpriority ept vpid
bogomips	: 3192.17
clflush size	: 64
cache_alignment	: 64
address sizes	: 36 bits physical, 48 bits virtual
power management:

processor	: 2
vendor_id	: GenuineIntel
cpu family	: 6
model		: 30
model name	: Intel(R) Core(TM) i7 CPU       Q 720  @ 1.60GHz
stepping	: 5
microcode	: 0x3
cpu MHz		: 933.000
cache size	: 6144 KB
physical id	: 0
siblings	: 8
core id		: 2
cpu cores	: 4
apicid		: 4
initial apicid	: 4
fpu		: yes
fpu_exception	: yes
cpuid level	: 11
wp		: yes
flags		: fpu vme de pse tsc msr pae mce cx8 apic sep mtrr pge mca cmov pat pse36 clflush dts acpi mmx fxsr sse sse2 ss ht tm pbe syscall nx rdtscp lm constant_tsc arch_perfmon pebs bts rep_good nopl xtopology nonstop_tsc aperfmperf pni dtes64 monitor ds_cpl vmx smx est tm2 ssse3 cx16 xtpr pdcm sse4_1 sse4_2 popcnt lahf_lm ida dtherm tpr_shadow vnmi flexpriority ept vpid
bogomips	: 3192.17
clflush size	: 64
cache_alignment	: 64
address sizes	: 36 bits physical, 48 bits virtual
power management:

processor	: 3
vendor_id	: GenuineIntel
cpu family	: 6
model		: 30
model name	: Intel(R) Core(TM) i7 CPU       Q 720  @ 1.60GHz
stepping	: 5
microcode	: 0x3
cpu MHz		: 933.000
cache size	: 6144 KB
physical id	: 0
siblings	: 8
core id		: 3
cpu cores	: 4
apicid		: 6
initial apicid	: 6
fpu		: yes
fpu_exception	: yes
cpuid level	: 11
wp		: yes
flags		: fpu vme de pse tsc msr pae mce cx8 apic sep mtrr pge mca cmov pat pse36 clflush dts acpi mmx fxsr sse sse2 ss ht tm pbe syscall nx rdtscp lm constant_tsc arch_perfmon pebs bts rep_good nopl xtopology nonstop_tsc aperfmperf pni dtes64 monitor ds_cpl vmx smx est tm2 ssse3 cx16 xtpr pdcm sse4_1 sse4_2 popcnt lahf_lm ida dtherm tpr_shadow vnmi flexpriority ept vpid
bogomips	: 3192.17
clflush size	: 64
cache_alignment	: 64
address sizes	: 36 bits physical, 48 bits virtual
power management:

processor	: 4
vendor_id	: GenuineIntel
cpu family	: 6
model		: 30
model name	: Intel(R) Core(TM) i7 CPU       Q 720  @ 1.60GHz
stepping	: 5
microcode	: 0x3
cpu MHz		: 933.000
cache size	: 6144 KB
physical id	: 0
siblings	: 8
core id		: 0
cpu cores	: 4
apicid		: 1
initial apicid	: 1
fpu		: yes
fpu_exception	: yes
cpuid level	: 11
wp		: yes
flags		: fpu vme de pse tsc msr pae mce cx8 apic sep mtrr pge mca cmov pat pse36 clflush dts acpi mmx fxsr sse sse2 ss ht tm pbe syscall nx rdtscp lm constant_tsc arch_perfmon pebs bts rep_good nopl xtopology nonstop_tsc aperfmperf pni dtes64 monitor ds_cpl vmx smx est tm2 ssse3 cx16 xtpr pdcm sse4_1 sse4_2 popcnt lahf_lm ida dtherm tpr_shadow vnmi flexpriority ept vpid
bogomips	: 3192.17
clflush size	: 64
cache_alignment	: 64
address sizes	: 36 bits physical, 48 bits virtual
power management:

processor	: 5
vendor_id	: GenuineIntel
cpu family	: 6
model		: 30
model name	: Intel(R) Core(TM) i7 CPU       Q 720  @ 1.60GHz
stepping	: 5
microcode	: 0x3
cpu MHz		: 1599.000
cache size	: 6144 KB
physical id	: 0
siblings	: 8
core id		: 1
cpu cores	: 4
apicid		: 3
initial apicid	: 3
fpu		: yes
fpu_exception	: yes
cpuid level	: 11
wp		: yes
flags		: fpu vme de pse tsc msr pae mce cx8 apic sep mtrr pge mca cmov pat pse36 clflush dts acpi mmx fxsr sse sse2 ss ht tm pbe syscall nx rdtscp lm constant_tsc arch_perfmon pebs bts rep_good nopl xtopology nonstop_tsc aperfmperf pni dtes64 monitor ds_cpl vmx smx est tm2 ssse3 cx16 xtpr pdcm sse4_1 sse4_2 popcnt lahf_lm ida dtherm tpr_shadow vnmi flexpriority ept vpid
bogomips	: 3192.17
clflush size	: 64
cache_alignment	: 64
address sizes	: 36 bits physical, 48 bits virtual
power management:

processor	: 6
vendor_id	: GenuineIntel
cpu family	: 6
model		: 30
model name	: Intel(R) Core(TM) i7 CPU       Q 720  @ 1.60GHz
stepping	: 5
microcode	: 0x3
cpu MHz		: 933.000
cache size	: 6144 KB
physical id	: 0
siblings	: 8
core id		: 2
cpu cores	: 4
apicid		: 5
initial apicid	: 5
fpu		: yes
fpu_exception	: yes
cpuid level	: 11
wp		: yes
flags		: fpu vme de pse tsc msr pae mce cx8 apic sep mtrr pge mca cmov pat pse36 clflush dts acpi mmx fxsr sse sse2 ss ht tm pbe syscall nx rdtscp lm constant_tsc arch_perfmon pebs bts rep_good nopl xtopology nonstop_tsc aperfmperf pni dtes64 monitor ds_cpl vmx smx est tm2 ssse3 cx16 xtpr pdcm sse4_1 sse4_2 popcnt lahf_lm ida dtherm tpr_shadow vnmi flexpriority ept vpid
bogomips	: 3192.17
clflush size	: 64
cache_alignment	: 64
address sizes	: 36 bits physical, 48 bits virtual
power management:

processor	: 7
vendor_id	: GenuineIntel
cpu family	: 6
model		: 30
model name	: Intel(R) Core(TM) i7 CPU       Q 720  @ 1.60GHz
stepping	: 5
microcode	: 0x3
cpu MHz		: 933.000
cache size	: 6144 KB
physical id	: 0
siblings	: 8
core id		: 3
cpu cores	: 4
apicid		: 7
initial apicid	: 7
fpu		: yes
fpu_exception	: yes
cpuid level	: 11
wp		: yes
flags		: fpu vme de pse tsc msr pae mce cx8 apic sep mtrr pge mca cmov pat pse36 clflush dts acpi mmx fxsr sse sse2 ss ht tm pbe syscall nx rdtscp lm constant_tsc arch_perfmon pebs bts rep_good nopl xtopology nonstop_tsc aperfmperf pni dtes64 monitor ds_cpl vmx smx est tm2 ssse3 cx16 xtpr pdcm sse4_1 sse4_2 popcnt lahf_lm ida dtherm tpr_shadow vnmi flexpriority ept vpid
bogomips	: 3192.17
clflush size	: 64
cache_alignment	: 64
address sizes	: 36 bits physical, 48 bits virtual
power management:



Memory: 4k page, physical 6043648k(268668k free), swap 18581500k(18581208k free)

vm_info: OpenJDK 64-Bit Server VM (24.51-b03) for linux-amd64 JRE (1.7.0_55-b14), built on Apr 17 2014 21:13:26 by "buildd" with gcc 4.8.1

time: Fri Aug 29 18:23:34 2014
elapsed time: 0 seconds

